example/build/app/intermediates/manifest_merge_blame_file/release/manifest-merger-blame-release-report.txt
1<?xml version="1.0" encoding="utf-8"?>
2<manifest xmlns:android="http://schemas.android.com/apk/res/android"
3    package="com.paytm.allinonesdk_example"
4    android:versionCode="1"
5    android:versionName="1.0" >
6
7    <uses-sdk
8        android:minSdkVersion="21"
8-->src\main\AndroidManifest.xml
9        android:targetSdkVersion="34" />
9-->src\main\AndroidManifest.xml
10    <!--
11         io.flutter.app.FlutterApplication is an android.app.Application that
12         calls FlutterMain.startInitialization(this); in its onCreate method.
13         In most cases you can leave this as-is, but you if you want to provide
14         additional functionality it is fine to subclass or reimplement
15         FlutterApplication and put your custom class here.
16    -->
17    <uses-permission android:name="android.permission.READ_SMS" />
17-->src\main\AndroidManifest.xml:8:9-71
17-->src\main\AndroidManifest.xml:8:26-68
18    <uses-permission android:name="android.permission.RECEIVE_SMS" />
18-->src\main\AndroidManifest.xml:9:9-74
18-->src\main\AndroidManifest.xml:9:26-71
19    <uses-permission android:name="android.permission.ACCESS_NETWORK_STATE" />
19-->[com.paytm.appinvokesdk:appinvokesdk:1.7.1] AndroidManifest.xml:7:5-79
19-->[com.paytm.appinvokesdk:appinvokesdk:1.7.1] AndroidManifest.xml:7:22-76
20
21    <queries>
21-->[com.paytm.appinvokesdk:appinvokesdk:1.7.1] AndroidManifest.xml:9:5-20:15
22
23        <!-- Specific apps you interact with, eg: -->
24        <package android:name="com.paytm.pgsdk.TransactionManager.PAYTM_APP_PACKAGE" />
24-->[com.paytm.appinvokesdk:appinvokesdk:1.7.1] AndroidManifest.xml:12:9-88
24-->[com.paytm.appinvokesdk:appinvokesdk:1.7.1] AndroidManifest.xml:12:18-85
25        <!--
26             Specific intents you query for,
27             eg: for a custom share UI
28        -->
29        <intent>
29-->[com.paytm.appinvokesdk:appinvokesdk:1.7.1] AndroidManifest.xml:17:9-19:18
30            <action android:name="android.intent.action.MAIN" />
30-->src\main\AndroidManifest.xml:41:17-68
30-->src\main\AndroidManifest.xml:41:25-66
31        </intent>
32    </queries>
33
34    <uses-permission android:name="android.permission.READ_PHONE_STATE" />
34-->[com.paytm.easypay:easypay-appinvoke:1.8.0] AndroidManifest.xml:10:5-75
34-->[com.paytm.easypay:easypay-appinvoke:1.8.0] AndroidManifest.xml:10:22-72
35    <uses-permission android:name="android.permission.WAKE_LOCK" />
35-->[com.paytm.easypay:easypay-appinvoke:1.8.0] AndroidManifest.xml:11:5-68
35-->[com.paytm.easypay:easypay-appinvoke:1.8.0] AndroidManifest.xml:11:22-65
36
37    <permission
37-->[androidx.core:core:1.13.1] AndroidManifest.xml:22:5-24:47
38        android:name="com.paytm.allinonesdk_example.DYNAMIC_RECEIVER_NOT_EXPORTED_PERMISSION"
38-->[androidx.core:core:1.13.1] AndroidManifest.xml:23:9-81
39        android:protectionLevel="signature" />
39-->[androidx.core:core:1.13.1] AndroidManifest.xml:24:9-44
40
41    <uses-permission android:name="com.paytm.allinonesdk_example.DYNAMIC_RECEIVER_NOT_EXPORTED_PERMISSION" />
41-->[androidx.core:core:1.13.1] AndroidManifest.xml:26:5-97
41-->[androidx.core:core:1.13.1] AndroidManifest.xml:26:22-94
42
43    <application
44        android:name="android.app.Application"
44-->src\main\AndroidManifest.xml:11:9-42
45        android:appComponentFactory="androidx.core.app.CoreComponentFactory"
45-->[androidx.core:core:1.13.1] AndroidManifest.xml:28:18-86
46        android:icon="@mipmap/ic_launcher"
46-->src\main\AndroidManifest.xml:13:9-43
47        android:label="allinonesdk_example"
47-->src\main\AndroidManifest.xml:12:9-44
48        android:networkSecurityConfig="@xml/network_config_security" >
48-->src\main\AndroidManifest.xml:14:9-69
49        <activity
49-->src\main\AndroidManifest.xml:15:9-44:20
50            android:name="com.paytm.allinonesdk_example.MainActivity"
50-->src\main\AndroidManifest.xml:16:13-41
51            android:configChanges="orientation|keyboardHidden|keyboard|screenSize|smallestScreenSize|locale|layoutDirection|fontScale|screenLayout|density|uiMode"
51-->src\main\AndroidManifest.xml:19:13-163
52            android:exported="true"
52-->src\main\AndroidManifest.xml:21:13-36
53            android:hardwareAccelerated="true"
53-->src\main\AndroidManifest.xml:20:13-47
54            android:launchMode="singleTop"
54-->src\main\AndroidManifest.xml:17:13-43
55            android:theme="@style/LaunchTheme"
55-->src\main\AndroidManifest.xml:18:13-47
56            android:windowSoftInputMode="adjustResize" >
56-->src\main\AndroidManifest.xml:22:13-55
57
58            <!--
59                 Specifies an Android theme to apply to this Activity as soon as
60                 the Android process has started. This theme is visible to the user
61                 while the Flutter UI initializes. After that, this theme continues
62                 to determine the Window background behind the Flutter UI.
63            -->
64            <meta-data
64-->src\main\AndroidManifest.xml:27:13-30:17
65                android:name="io.flutter.embedding.android.NormalTheme"
65-->src\main\AndroidManifest.xml:28:15-70
66                android:resource="@style/NormalTheme" />
66-->src\main\AndroidManifest.xml:29:15-52
67            <!--
68                 Displays an Android View that continues showing the launch screen
69                 Drawable until Flutter paints its first frame, then this splash
70                 screen fades out. A splash screen is useful to avoid any visual
71                 gap between the end of Android's launch screen and the painting of
72                 Flutter's first frame.
73            -->
74            <meta-data
74-->src\main\AndroidManifest.xml:36:13-39:17
75                android:name="io.flutter.embedding.android.SplashScreenDrawable"
75-->src\main\AndroidManifest.xml:37:15-79
76                android:resource="@drawable/launch_background" />
76-->src\main\AndroidManifest.xml:38:15-61
77
78            <intent-filter>
78-->src\main\AndroidManifest.xml:40:13-43:29
79                <action android:name="android.intent.action.MAIN" />
79-->src\main\AndroidManifest.xml:41:17-68
79-->src\main\AndroidManifest.xml:41:25-66
80
81                <category android:name="android.intent.category.LAUNCHER" />
81-->src\main\AndroidManifest.xml:42:17-76
81-->src\main\AndroidManifest.xml:42:27-74
82            </intent-filter>
83        </activity>
84        <!--
85             Don't delete the meta-data below.
86             This is used by the Flutter tool to generate GeneratedPluginRegistrant.java
87        -->
88        <meta-data
88-->src\main\AndroidManifest.xml:47:9-49:33
89            android:name="flutterEmbedding"
89-->src\main\AndroidManifest.xml:48:13-44
90            android:value="2" />
90-->src\main\AndroidManifest.xml:49:13-30
91
92        <activity
92-->[com.paytm.appinvokesdk:appinvokesdk:1.7.1] AndroidManifest.xml:23:9-26:66
93            android:name="com.paytm.pgsdk.PaytmPGActivity"
93-->[com.paytm.appinvokesdk:appinvokesdk:1.7.1] AndroidManifest.xml:24:13-59
94            android:screenOrientation="portrait"
94-->[com.paytm.appinvokesdk:appinvokesdk:1.7.1] AndroidManifest.xml:25:13-49
95            android:theme="@style/Theme.AppCompat.NoActionBar" />
95-->[com.paytm.appinvokesdk:appinvokesdk:1.7.1] AndroidManifest.xml:26:13-63
96        <activity
96-->[com.paytm.appinvokesdk:appinvokesdk:1.7.1] AndroidManifest.xml:27:9-29:63
97            android:name="com.paytm.pgsdk.AioMatchUserActivity"
97-->[com.paytm.appinvokesdk:appinvokesdk:1.7.1] AndroidManifest.xml:28:13-64
98            android:theme="@style/TransparentActivityTheme" />
98-->[com.paytm.appinvokesdk:appinvokesdk:1.7.1] AndroidManifest.xml:29:13-60
99
100        <service
100-->[com.paytm.easypay:easypay-appinvoke:1.8.0] AndroidManifest.xml:14:9-17:72
101            android:name="easypay.appinvoke.utils.EasyPayConfigDownloader"
101-->[com.paytm.easypay:easypay-appinvoke:1.8.0] AndroidManifest.xml:15:13-75
102            android:exported="false"
102-->[com.paytm.easypay:easypay-appinvoke:1.8.0] AndroidManifest.xml:16:13-37
103            android:permission="android.permission.BIND_JOB_SERVICE" />
103-->[com.paytm.easypay:easypay-appinvoke:1.8.0] AndroidManifest.xml:17:13-69
104        <service
104-->[com.paytm.easypay:easypay-appinvoke:1.8.0] AndroidManifest.xml:18:9-22:72
105            android:name="easypay.appinvoke.utils.AnalyticsService"
105-->[com.paytm.easypay:easypay-appinvoke:1.8.0] AndroidManifest.xml:19:13-68
106            android:enabled="true"
106-->[com.paytm.easypay:easypay-appinvoke:1.8.0] AndroidManifest.xml:20:13-35
107            android:exported="false"
107-->[com.paytm.easypay:easypay-appinvoke:1.8.0] AndroidManifest.xml:21:13-37
108            android:permission="android.permission.BIND_JOB_SERVICE" />
108-->[com.paytm.easypay:easypay-appinvoke:1.8.0] AndroidManifest.xml:22:13-69
109
110        <activity android:name="easypay.appinvoke.AnalyticsManagerInfoDisplayActivity" />
110-->[com.paytm.easypay:easypay-appinvoke:1.8.0] AndroidManifest.xml:24:9-90
110-->[com.paytm.easypay:easypay-appinvoke:1.8.0] AndroidManifest.xml:24:19-87
111
112        <uses-library
112-->[androidx.window:window:1.2.0] AndroidManifest.xml:23:9-25:40
113            android:name="androidx.window.extensions"
113-->[androidx.window:window:1.2.0] AndroidManifest.xml:24:13-54
114            android:required="false" />
114-->[androidx.window:window:1.2.0] AndroidManifest.xml:25:13-37
115        <uses-library
115-->[androidx.window:window:1.2.0] AndroidManifest.xml:26:9-28:40
116            android:name="androidx.window.sidecar"
116-->[androidx.window:window:1.2.0] AndroidManifest.xml:27:13-51
117            android:required="false" />
117-->[androidx.window:window:1.2.0] AndroidManifest.xml:28:13-37
118
119        <provider
119-->[androidx.lifecycle:lifecycle-process:2.7.0] AndroidManifest.xml:24:9-32:20
120            android:name="androidx.startup.InitializationProvider"
120-->[androidx.lifecycle:lifecycle-process:2.7.0] AndroidManifest.xml:25:13-67
121            android:authorities="com.paytm.allinonesdk_example.androidx-startup"
121-->[androidx.lifecycle:lifecycle-process:2.7.0] AndroidManifest.xml:26:13-68
122            android:exported="false" >
122-->[androidx.lifecycle:lifecycle-process:2.7.0] AndroidManifest.xml:27:13-37
123            <meta-data
123-->[androidx.lifecycle:lifecycle-process:2.7.0] AndroidManifest.xml:29:13-31:52
124                android:name="androidx.lifecycle.ProcessLifecycleInitializer"
124-->[androidx.lifecycle:lifecycle-process:2.7.0] AndroidManifest.xml:30:17-78
125                android:value="androidx.startup" />
125-->[androidx.lifecycle:lifecycle-process:2.7.0] AndroidManifest.xml:31:17-49
126            <meta-data
126-->[androidx.profileinstaller:profileinstaller:1.3.1] AndroidManifest.xml:29:13-31:52
127                android:name="androidx.profileinstaller.ProfileInstallerInitializer"
127-->[androidx.profileinstaller:profileinstaller:1.3.1] AndroidManifest.xml:30:17-85
128                android:value="androidx.startup" />
128-->[androidx.profileinstaller:profileinstaller:1.3.1] AndroidManifest.xml:31:17-49
129        </provider>
130
131        <receiver
131-->[androidx.profileinstaller:profileinstaller:1.3.1] AndroidManifest.xml:34:9-52:20
132            android:name="androidx.profileinstaller.ProfileInstallReceiver"
132-->[androidx.profileinstaller:profileinstaller:1.3.1] AndroidManifest.xml:35:13-76
133            android:directBootAware="false"
133-->[androidx.profileinstaller:profileinstaller:1.3.1] AndroidManifest.xml:36:13-44
134            android:enabled="true"
134-->[androidx.profileinstaller:profileinstaller:1.3.1] AndroidManifest.xml:37:13-35
135            android:exported="true"
135-->[androidx.profileinstaller:profileinstaller:1.3.1] AndroidManifest.xml:38:13-36
136            android:permission="android.permission.DUMP" >
136-->[androidx.profileinstaller:profileinstaller:1.3.1] AndroidManifest.xml:39:13-57
137            <intent-filter>
137-->[androidx.profileinstaller:profileinstaller:1.3.1] AndroidManifest.xml:40:13-42:29
138                <action android:name="androidx.profileinstaller.action.INSTALL_PROFILE" />
138-->[androidx.profileinstaller:profileinstaller:1.3.1] AndroidManifest.xml:41:17-91
138-->[androidx.profileinstaller:profileinstaller:1.3.1] AndroidManifest.xml:41:25-88
139            </intent-filter>
140            <intent-filter>
140-->[androidx.profileinstaller:profileinstaller:1.3.1] AndroidManifest.xml:43:13-45:29
141                <action android:name="androidx.profileinstaller.action.SKIP_FILE" />
141-->[androidx.profileinstaller:profileinstaller:1.3.1] AndroidManifest.xml:44:17-85
141-->[androidx.profileinstaller:profileinstaller:1.3.1] AndroidManifest.xml:44:25-82
142            </intent-filter>
143            <intent-filter>
143-->[androidx.profileinstaller:profileinstaller:1.3.1] AndroidManifest.xml:46:13-48:29
144                <action android:name="androidx.profileinstaller.action.SAVE_PROFILE" />
144-->[androidx.profileinstaller:profileinstaller:1.3.1] AndroidManifest.xml:47:17-88
144-->[androidx.profileinstaller:profileinstaller:1.3.1] AndroidManifest.xml:47:25-85
145            </intent-filter>
146            <intent-filter>
146-->[androidx.profileinstaller:profileinstaller:1.3.1] AndroidManifest.xml:49:13-51:29
147                <action android:name="androidx.profileinstaller.action.BENCHMARK_OPERATION" />
147-->[androidx.profileinstaller:profileinstaller:1.3.1] AndroidManifest.xml:50:17-95
147-->[androidx.profileinstaller:profileinstaller:1.3.1] AndroidManifest.xml:50:25-92
148            </intent-filter>
149        </receiver>
150    </application>
151
152</manifest>